<?xml version="1.0" encoding="UTF-8"?>
<!-- Generated by org.testng.reporters.JUnitXMLReporter -->
<testsuite hostname="LAPTOP-E80ADI57" name="E2EFramework.ValidateTitle" tests="1" failures="1" timestamp="24 Oct 2018 22:49:11 GMT" time="15.845" errors="0">
  <testcase name="basePageNavigation" time="10.323" classname="E2EFramework.ValidateTitle">
    <failure type="java.lang.AssertionError" message="expected [Featured Courses123] but found [FEATURED COURSES]">
      <![CDATA[java.lang.AssertionError: expected [Featured Courses123] but found [FEATURED COURSES]
	at E2EFramework.ValidateTitle.basePageNavigation(ValidateTitle.java:32)
... Removed 29 stack frames]]>
    </failure>
  </testcase> <!-- basePageNavigation -->
</testsuite> <!-- E2EFramework.ValidateTitle -->
