<?xml version="1.0" encoding="UTF-8"?>
<!-- Generated by org.testng.reporters.JUnitXMLReporter -->
<testsuite hostname="LAPTOP-E80ADI57" name="Test" tests="4" failures="1" timestamp="23 Oct 2018 00:31:50 GMT" time="49.609" errors="0">
  <testcase name="basePageNavigation" time="0.084" classname="E2EFramework.ValidateContactNavigation"/>
  <testcase name="basePageNavigation" time="0.195" classname="E2EFramework.ValidateTitle">
    <failure type="java.lang.AssertionError" message="expected [Featured Courses123] but found [FEATURED COURSES]">
      <![CDATA[java.lang.AssertionError: expected [Featured Courses123] but found [FEATURED COURSES]
	at E2EFramework.ValidateTitle.basePageNavigation(ValidateTitle.java:30)
... Removed 29 stack frames]]>
    </failure>
  </testcase> <!-- basePageNavigation -->
  <testcase name="basePageNavigation" time="13.291" classname="E2EFramework.HomePage"/>
  <testcase name="basePageNavigation" time="5.459" classname="E2EFramework.HomePage"/>
</testsuite> <!-- Test -->
