<?xml version="1.0" encoding="UTF-8"?>
<!-- Generated by org.testng.reporters.JUnitXMLReporter -->
<testsuite hostname="LAPTOP-E80ADI57" name="Test" tests="4" failures="0" timestamp="24 Oct 2018 00:21:25 GMT" time="6.675" errors="0">
  <testcase name="@BeforeTest initilize" time="0.0" classname="E2EFramework.HomePage">
    <failure type="java.lang.NullPointerException" message="null value in entry: url=null">
      <![CDATA[java.lang.NullPointerException: null value in entry: url=null
	at com.google.common.collect.CollectPreconditions.checkEntryNotNull(CollectPreconditions.java:32)
	at com.google.common.collect.SingletonImmutableBiMap.<init>(SingletonImmutableBiMap.java:42)
	at com.google.common.collect.ImmutableBiMap.of(ImmutableBiMap.java:72)
	at com.google.common.collect.ImmutableMap.of(ImmutableMap.java:124)
	at org.openqa.selenium.remote.RemoteWebDriver.get(RemoteWebDriver.java:276)
	at E2EFramework.ValidateContactNavigation.initilize(ValidateContactNavigation.java:20)
... Removed 22 stack frames]]>
    </failure>
  </testcase> <!-- @BeforeTest initilize -->
  <testcase name="@BeforeTest initilize" time="0.0" classname="E2EFramework.HomePage">
    <skipped/>
  </testcase> <!-- @BeforeTest initilize -->
  <testcase name="@AfterTest driverclose" time="0.0" classname="E2EFramework.HomePage">
    <skipped/>
  </testcase> <!-- @AfterTest driverclose -->
  <testcase name="@AfterTest driverclose" time="0.0" classname="E2EFramework.HomePage">
    <skipped/>
  </testcase> <!-- @AfterTest driverclose -->
  <testcase name="@AfterTest driverclose" time="0.0" classname="E2EFramework.HomePage">
    <skipped/>
  </testcase> <!-- @AfterTest driverclose -->
  <testcase name="basePageNavigation" time="0.0" classname="E2EFramework.ValidateContactNavigation">
    <skipped/>
  </testcase> <!-- basePageNavigation -->
  <testcase name="basePageNavigation" time="0.0" classname="E2EFramework.ValidateTitle">
    <skipped/>
  </testcase> <!-- basePageNavigation -->
  <testcase name="basePageNavigation" time="0.002" classname="E2EFramework.HomePage">
    <skipped/>
  </testcase> <!-- basePageNavigation -->
  <testcase name="basePageNavigation" time="0.002" classname="E2EFramework.HomePage">
    <skipped/>
  </testcase> <!-- basePageNavigation -->
</testsuite> <!-- Test -->
