<?xml version="1.0" encoding="UTF-8"?>
<testng-results skipped="0" failed="1" total="4" passed="3">
  <reporter-output>
  </reporter-output>
  <suite name="Suite" duration-ms="59384" started-at="2018-10-24T22:48:39Z" finished-at="2018-10-24T22:49:39Z">
    <groups>
    </groups>
    <test name="E2EFramework.ValidateContactNavigation" duration-ms="15624" started-at="2018-10-24T22:48:39Z" finished-at="2018-10-24T22:48:55Z">
      <class name="E2EFramework.ValidateContactNavigation">
        <test-method status="PASS" signature="initilize()[pri:0, instance:E2EFramework.ValidateContactNavigation@2a5ca609]" name="initilize" is-config="true" duration-ms="3242" started-at="2018-10-24T18:48:39Z" finished-at="2018-10-24T18:48:43Z">
          <reporter-output>
          </reporter-output>
        </test-method> <!-- initilize -->
        <test-method status="PASS" signature="basePageNavigation()[pri:0, instance:E2EFramework.ValidateContactNavigation@2a5ca609]" name="basePageNavigation" duration-ms="10040" started-at="2018-10-24T18:48:43Z" finished-at="2018-10-24T18:48:53Z">
          <reporter-output>
          </reporter-output>
        </test-method> <!-- basePageNavigation -->
        <test-method status="PASS" signature="driverclose()[pri:0, instance:E2EFramework.ValidateContactNavigation@2a5ca609]" name="driverclose" is-config="true" duration-ms="2327" started-at="2018-10-24T18:48:53Z" finished-at="2018-10-24T18:48:55Z">
          <reporter-output>
          </reporter-output>
        </test-method> <!-- driverclose -->
      </class> <!-- E2EFramework.ValidateContactNavigation -->
    </test> <!-- E2EFramework.ValidateContactNavigation -->
    <test name="E2EFramework.ValidateTitle" duration-ms="15845" started-at="2018-10-24T22:48:55Z" finished-at="2018-10-24T22:49:11Z">
      <class name="E2EFramework.ValidateTitle">
        <test-method status="PASS" signature="initilize()[pri:0, instance:E2EFramework.ValidateTitle@47c62251]" name="initilize" is-config="true" duration-ms="2346" started-at="2018-10-24T18:48:55Z" finished-at="2018-10-24T18:48:57Z">
          <reporter-output>
          </reporter-output>
        </test-method> <!-- initilize -->
        <test-method status="FAIL" signature="basePageNavigation()[pri:0, instance:E2EFramework.ValidateTitle@47c62251]" name="basePageNavigation" duration-ms="10323" started-at="2018-10-24T18:48:57Z" finished-at="2018-10-24T18:49:08Z">
          <exception class="java.lang.AssertionError">
            <message>
              <![CDATA[expected [Featured Courses123] but found [FEATURED COURSES]]]>
            </message>
            <full-stacktrace>
              <![CDATA[java.lang.AssertionError: expected [Featured Courses123] but found [FEATURED COURSES]
	at org.testng.Assert.fail(Assert.java:94)
	at org.testng.Assert.failNotEquals(Assert.java:494)
	at org.testng.Assert.assertEquals(Assert.java:123)
	at org.testng.Assert.assertEquals(Assert.java:176)
	at org.testng.Assert.assertEquals(Assert.java:186)
	at E2EFramework.ValidateTitle.basePageNavigation(ValidateTitle.java:32)
	at sun.reflect.NativeMethodAccessorImpl.invoke0(Native Method)
	at sun.reflect.NativeMethodAccessorImpl.invoke(NativeMethodAccessorImpl.java:62)
	at sun.reflect.DelegatingMethodAccessorImpl.invoke(DelegatingMethodAccessorImpl.java:43)
	at java.lang.reflect.Method.invoke(Method.java:498)
	at org.testng.internal.MethodInvocationHelper.invokeMethod(MethodInvocationHelper.java:80)
	at org.testng.internal.Invoker.invokeMethod(Invoker.java:714)
	at org.testng.internal.Invoker.invokeTestMethod(Invoker.java:901)
	at org.testng.internal.Invoker.invokeTestMethods(Invoker.java:1231)
	at org.testng.internal.TestMethodWorker.invokeTestMethods(TestMethodWorker.java:127)
	at org.testng.internal.TestMethodWorker.run(TestMethodWorker.java:111)
	at org.testng.TestRunner.privateRun(TestRunner.java:767)
	at org.testng.TestRunner.run(TestRunner.java:617)
	at org.testng.SuiteRunner.runTest(SuiteRunner.java:334)
	at org.testng.SuiteRunner.runSequentially(SuiteRunner.java:329)
	at org.testng.SuiteRunner.privateRun(SuiteRunner.java:291)
	at org.testng.SuiteRunner.run(SuiteRunner.java:240)
	at org.testng.SuiteRunnerWorker.runSuite(SuiteRunnerWorker.java:52)
	at org.testng.SuiteRunnerWorker.run(SuiteRunnerWorker.java:86)
	at org.testng.TestNG.runSuitesSequentially(TestNG.java:1198)
	at org.testng.TestNG.runSuitesLocally(TestNG.java:1123)
	at org.testng.TestNG.run(TestNG.java:1031)
	at org.testng.remote.AbstractRemoteTestNG.run(AbstractRemoteTestNG.java:114)
	at org.testng.remote.RemoteTestNG.initAndRun(RemoteTestNG.java:251)
	at org.testng.remote.RemoteTestNG.main(RemoteTestNG.java:77)
]]>
            </full-stacktrace>
          </exception> <!-- java.lang.AssertionError -->
          <reporter-output>
          </reporter-output>
        </test-method> <!-- basePageNavigation -->
        <test-method status="PASS" signature="driverclose()[pri:0, instance:E2EFramework.ValidateTitle@47c62251]" name="driverclose" is-config="true" duration-ms="2322" started-at="2018-10-24T18:49:08Z" finished-at="2018-10-24T18:49:11Z">
          <reporter-output>
          </reporter-output>
        </test-method> <!-- driverclose -->
      </class> <!-- E2EFramework.ValidateTitle -->
    </test> <!-- E2EFramework.ValidateTitle -->
    <test name="E2EFramework.HomePage" duration-ms="27849" started-at="2018-10-24T22:49:11Z" finished-at="2018-10-24T22:49:39Z">
      <class name="E2EFramework.HomePage">
        <test-method status="PASS" signature="initilize()[pri:0, instance:E2EFramework.HomePage@91161c7]" name="initilize" is-config="true" duration-ms="2333" started-at="2018-10-24T18:49:11Z" finished-at="2018-10-24T18:49:13Z">
          <reporter-output>
          </reporter-output>
        </test-method> <!-- initilize -->
        <test-method status="PASS" signature="basePageNavigation(java.lang.String, java.lang.String)[pri:0, instance:E2EFramework.HomePage@91161c7]" name="basePageNavigation" duration-ms="13856" started-at="2018-10-24T18:49:13Z" data-provider="getData" finished-at="2018-10-24T18:49:27Z">
          <params>
            <param index="0">
              <value>
                <![CDATA[test@test.com]]>
              </value>
            </param>
            <param index="1">
              <value>
                <![CDATA[test123]]>
              </value>
            </param>
          </params>
          <reporter-output>
          </reporter-output>
        </test-method> <!-- basePageNavigation -->
        <test-method status="PASS" signature="basePageNavigation(java.lang.String, java.lang.String)[pri:0, instance:E2EFramework.HomePage@91161c7]" name="basePageNavigation" duration-ms="11452" started-at="2018-10-24T18:49:27Z" data-provider="getData" finished-at="2018-10-24T18:49:38Z">
          <params>
            <param index="0">
              <value>
                <![CDATA[hello@test.com]]>
              </value>
            </param>
            <param index="1">
              <value>
                <![CDATA[test1234]]>
              </value>
            </param>
          </params>
          <reporter-output>
          </reporter-output>
        </test-method> <!-- basePageNavigation -->
        <test-method status="PASS" signature="driverclose()[pri:0, instance:E2EFramework.HomePage@91161c7]" name="driverclose" is-config="true" duration-ms="203" started-at="2018-10-24T18:49:38Z" finished-at="2018-10-24T18:49:39Z">
          <reporter-output>
          </reporter-output>
        </test-method> <!-- driverclose -->
      </class> <!-- E2EFramework.HomePage -->
    </test> <!-- E2EFramework.HomePage -->
  </suite> <!-- Suite -->
</testng-results>
